Warning: Basis not found for atom 0 S
file/0001__3749610.xyz (1, 5, 108)
file/0002__3749611.xyz (1, 8, 108)
file/0003__3749612.xyz (1, 6, 108)
file/0004__3749613.xyz (1, 4, 108)
file/0005__3749614.xyz (1, 9, 108)
file/0006__3749615.xyz (1, 11, 108)
file/0007__3749616.xyz (1, 9, 108)
file/0008__3749617.xyz (1, 7, 108)
file/0009__3749618.xyz (1, 8, 108)
file/0010__3749619.xyz (1, 10, 108)
file/0011__3749620.xyz (1, 6, 108)
file/0012__3749621.xyz (1, 10, 108)
file/0013__3749622.xyz (1, 7, 108)
file/0014__3749623.xyz (1, 9, 108)
file/0015__3749624.xyz (1, 7, 108)
file/0016__3749625.xyz (1, 9, 108)
file/0017__3749626.xyz (1, 12, 108)
file/0018__3749627.xyz (1, 12, 108)
file/0019__3749628.xyz (1, 14, 108)
file/0020__3749629.xyz (1, 14, 108)
file/0021__3749630.xyz (1, 10, 108)
file/0022__3749631.xyz (1, 8, 108)
file/0023__3749632.xyz (1, 6, 108)
file/0024__3749633.xyz (1, 12, 108)
file/0025__3749634.xyz (1, 12, 108)
file/0026__3749635.xyz (1, 10, 108)
file/0027__3749636.xyz (1, 12, 108)
file/0028__3749637.xyz (1, 10, 108)
file/0029__3749638.xyz (1, 11, 108)
file/0030__3749639.xyz (1, 11, 108)
file/0031__3749640.xyz (1, 13, 108)
file/0032__3749641.xyz (1, 7, 108)
file/0033__3749642.xyz (1, 5, 108)
file/0034__3749643.xyz (1, 13, 108)
file/0035__3749644.xyz (1, 9, 108)
file/0036__3749645.xyz (1, 13, 108)
file/0037__3749646.xyz (1, 11, 108)
file/0038__3749647.xyz (1, 13, 108)
file/0039__3749648.xyz (1, 11, 108)
file/0040__3749649.xyz (1, 11, 108)
file/0041__3749650.xyz (1, 9, 108)
file/0042__3749651.xyz (1, 10, 108)
file/0043__3749652.xyz (1, 10, 108)
file/0044__3749653.xyz (1, 12, 108)
file/0045__3749654.xyz (1, 8, 108)
file/0046__3749655.xyz (1, 12, 108)
file/0047__3749656.xyz (1, 10, 108)
file/0048__3749657.xyz (1, 10, 108)
file/0049__3749658.xyz (1, 12, 108)
file/0050__3749659.xyz (1, 10, 108)
file/0051__3749660.xyz (1, 10, 108)
file/0052__3749661.xyz (1, 6, 108)
file/0053__3749662.xyz (1, 10, 108)
file/0054__3749663.xyz (1, 8, 108)
file/0055__3749664.xyz (1, 9, 108)
file/0056__3749665.xyz (1, 9, 108)
file/0057__3749666.xyz (1, 9, 108)
file/0058__3749667.xyz (1, 9, 108)
file/0059__3749668.xyz (1, 11, 108)
file/0060__3749669.xyz (1, 15, 108)
file/0061__3749670.xyz (1, 15, 108)
file/0062__3749671.xyz (1, 15, 108)
file/0063__3749672.xyz (1, 15, 108)
file/0064__3749673.xyz (1, 15, 108)
file/0065__3749674.xyz (1, 17, 108)
file/0066__3749675.xyz (1, 17, 108)
file/0067__3749676.xyz (1, 17, 108)
file/0068__3749677.xyz (1, 11, 108)
file/0069__3749678.xyz (1, 13, 108)
file/0070__3749679.xyz (1, 13, 108)
file/0071__3749680.xyz (1, 11, 108)
file/0072__3749681.xyz (1, 13, 108)
file/0073__3749682.xyz (1, 11, 108)
file/0074__3749683.xyz (1, 9, 108)
file/0075__3749684.xyz (1, 15, 108)
file/0076__3749685.xyz (1, 13, 108)
file/0077__3749686.xyz (1, 11, 108)
file/0078__3749687.xyz (1, 13, 108)
file/0079__3749688.xyz (1, 11, 108)
file/0080__3749689.xyz (1, 15, 108)
file/0081__3749690.xyz (1, 13, 108)
file/0082__3749691.xyz (1, 11, 108)
file/0083__3749692.xyz (1, 9, 108)
file/0084__3749693.xyz (1, 15, 108)
file/0085__3749694.xyz (1, 15, 108)
file/0086__3749695.xyz (1, 13, 108)
file/0087__3749696.xyz (1, 15, 108)
file/0088__3749697.xyz (1, 13, 108)
file/0089__3749698.xyz (1, 14, 108)
file/0090__3749699.xyz (1, 10, 108)
file/0091__3749700.xyz (1, 12, 108)
file/0092__3749701.xyz (1, 14, 108)
file/0093__3749702.xyz (1, 14, 108)
file/0094__3749703.xyz (1, 14, 108)
file/0095__3749704.xyz (1, 14, 108)
file/0096__3749705.xyz (1, 14, 108)
file/0097__3749706.xyz (1, 14, 108)
file/0098__3749707.xyz (1, 14, 108)
file/0099__3749708.xyz (1, 14, 108)
file/0100__3749709.xyz (1, 12, 108)
file/0101__3749710.xyz (1, 10, 108)
file/0102__3749711.xyz (1, 16, 108)
file/0103__3749712.xyz (1, 10, 108)
file/0104__3749713.xyz (1, 8, 108)
file/0105__3749714.xyz (1, 14, 108)
file/0106__3749715.xyz (1, 10, 108)
file/0107__3749716.xyz (1, 14, 108)
file/0108__3749717.xyz (1, 10, 108)
file/0109__3749718.xyz (1, 16, 108)
file/0110__3749719.xyz (1, 16, 108)
file/0111__3749720.xyz (1, 12, 108)
file/0112__3749721.xyz (1, 12, 108)
file/0113__3749722.xyz (1, 8, 108)
file/0114__3749723.xyz (1, 16, 108)
file/0115__3749724.xyz (1, 12, 108)
file/0116__3749725.xyz (1, 16, 108)
file/0117__3749726.xyz (1, 14, 108)
file/0118__3749727.xyz (1, 16, 108)
file/0119__3749728.xyz (1, 14, 108)
file/0120__3749729.xyz (1, 12, 108)
file/0121__3749730.xyz (1, 16, 108)
file/0122__3749731.xyz (1, 14, 108)
file/0123__3749732.xyz (1, 14, 108)
file/0124__3749733.xyz (1, 16, 108)
file/0125__3749734.xyz (1, 14, 108)
file/0126__3749735.xyz (1, 12, 108)
file/0127__3749736.xyz (1, 11, 108)
file/0128__3749737.xyz (1, 14, 108)
file/0129__3749738.xyz (1, 14, 108)
file/0130__3749739.xyz (1, 10, 108)
file/0131__3749740.xyz (1, 9, 108)
file/0132__3749741.xyz (1, 14, 108)
file/0133__3749742.xyz (1, 12, 108)
file/0134__3749743.xyz (1, 9, 108)
file/0135__3749744.xyz (1, 11, 108)
file/0136__3749745.xyz (1, 9, 108)
file/0137__3749746.xyz (1, 13, 108)
file/0138__3749747.xyz (1, 11, 108)
file/0139__3749748.xyz (1, 13, 108)
file/0140__3749749.xyz (1, 13, 108)
file/0141__3749750.xyz (1, 13, 108)
file/0142__3749751.xyz (1, 13, 108)
file/0143__3749752.xyz (1, 13, 108)
file/0144__3749753.xyz (1, 13, 108)
file/0145__3749754.xyz (1, 13, 108)
file/0146__3749755.xyz (1, 11, 108)
file/0147__3749756.xyz (1, 9, 108)
file/0148__3749757.xyz (1, 15, 108)
file/0149__3749758.xyz (1, 11, 108)
file/0150__3749759.xyz (1, 13, 108)
file/0151__3749760.xyz (1, 11, 108)
file/0152__3749761.xyz (1, 13, 108)
file/0153__3749762.xyz (1, 11, 108)
file/0154__3749763.xyz (1, 15, 108)
file/0155__3749764.xyz (1, 15, 108)
file/0156__3749765.xyz (1, 13, 108)
file/0157__3749766.xyz (1, 11, 108)
file/0158__3749767.xyz (1, 9, 108)
file/0159__3749768.xyz (1, 15, 108)
file/0160__3749769.xyz (1, 13, 108)
file/0161__3749770.xyz (1, 13, 108)
file/0162__3749771.xyz (1, 15, 108)
file/0163__3749772.xyz (1, 15, 108)
file/0164__3749773.xyz (1, 11, 108)
file/0165__3749774.xyz (1, 11, 108)
file/0166__3749775.xyz (1, 9, 108)
file/0167__3749776.xyz (1, 13, 108)
file/0168__3749777.xyz (1, 11, 108)
file/0169__3749778.xyz (1, 13, 108)
file/0170__3749779.xyz (1, 13, 108)
file/0171__3749780.xyz (1, 13, 108)
file/0172__3749781.xyz (1, 15, 108)
file/0173__3749782.xyz (1, 13, 108)
file/0174__3749783.xyz (1, 13, 108)
file/0175__3749784.xyz (1, 11, 108)
file/0176__3749785.xyz (1, 13, 108)
file/0177__3749786.xyz (1, 11, 108)
file/0178__3749787.xyz (1, 13, 108)
file/0179__3749788.xyz (1, 11, 108)
file/0180__3749789.xyz (1, 9, 108)
file/0181__3749790.xyz (1, 13, 108)
file/0182__3749791.xyz (1, 11, 108)
file/0183__3749792.xyz (1, 10, 108)
file/0184__3749793.xyz (1, 8, 108)
file/0185__3749794.xyz (1, 8, 108)
file/0186__3749795.xyz (1, 12, 108)
file/0187__3749796.xyz (1, 12, 108)
file/0188__3749797.xyz (1, 12, 108)
file/0189__3749798.xyz (1, 10, 108)
file/0190__3749799.xyz (1, 14, 108)
file/0191__3749800.xyz (1, 12, 108)
file/0192__3749801.xyz (1, 14, 108)
file/0193__3749802.xyz (1, 12, 108)
file/0194__3749803.xyz (1, 14, 108)
file/0195__3749804.xyz (1, 12, 108)
file/0196__3749805.xyz (1, 12, 108)
file/0197__3749806.xyz (1, 12, 108)
file/0198__3749807.xyz (1, 14, 108)
file/0199__3749808.xyz (1, 12, 108)
file/0200__3749809.xyz (1, 12, 108)
file/0201__3749810.xyz (1, 12, 108)
file/0202__3749811.xyz (1, 12, 108)
file/0203__3749812.xyz (1, 14, 108)
file/0204__3749813.xyz (1, 10, 108)
file/0205__3749814.xyz (1, 10, 108)
file/0206__3749815.xyz (1, 8, 108)
file/0207__3749816.xyz (1, 10, 108)
file/0208__3749817.xyz (1, 12, 108)
file/0209__3749818.xyz (1, 10, 108)
file/0210__3749819.xyz (1, 12, 108)
file/0211__3749820.xyz (1, 10, 108)
file/0212__3749821.xyz (1, 10, 108)
file/0213__3749822.xyz (1, 10, 108)
file/0214__3749823.xyz (1, 8, 108)
Traceback (most recent call last):
  File "/localhome2/jxiao/work/DPATB/QM7BT/new/03_get_aTB_decriptor.py", line 244, in <module>
    dm_eig=make_eig(dm,t_ovlp_shells)
  File "/localhome2/jxiao/work/DPATB/QM7BT/new/03_get_aTB_decriptor.py", line 177, in make_eig
    t_eig = t_make_eig(t_dm, t_ovlp_shells)
  File "/localhome2/jxiao/work/DPATB/QM7BT/new/03_get_aTB_decriptor.py", line 168, in t_make_eig
    pdm_shells = t_make_pdm(dm, ovlp_shells)
  File "/localhome2/jxiao/work/DPATB/QM7BT/new/03_get_aTB_decriptor.py", line 158, in t_make_pdm
    pdm_shells = [torch.einsum('rap,...rs,saq->...apq', po, dm, po)
  File "/localhome2/jxiao/work/DPATB/QM7BT/new/03_get_aTB_decriptor.py", line 158, in <listcomp>
    pdm_shells = [torch.einsum('rap,...rs,saq->...apq', po, dm, po)
  File "/localhome2/jxiao/miniforge3/envs/deepatb2/lib/python3.9/site-packages/torch/functional.py", line 380, in einsum
    return _VF.einsum(equation, operands)  # type: ignore[attr-defined]
RuntimeError: einsum(): subscript r has size 29 for operand 1 which does not broadcast with previously seen size 20
